[1.718s] Invoking command in '/mnt/c/job/repos/SLAM/ros2/ros2_ws/src/my_pkg': PYTHONPATH=/mnt/c/job/repos/SLAM/ros2/ros2_ws/build/my_pkg/prefix_override:/usr/lib/python3/dist-packages/colcon_core/task/python/colcon_distutils_commands:/mnt/c/job/repos/SLAM/ros2/ros2_ws/install/my_pkg/lib/python3.10/site-packages:${PYTHONPATH} /usr/bin/python3 -W ignore:setup.py install is deprecated -W ignore:easy_install command is deprecated setup.py egg_info --egg-base ../../build/my_pkg build --build-base /mnt/c/job/repos/SLAM/ros2/ros2_ws/build/my_pkg/build install --record /mnt/c/job/repos/SLAM/ros2/ros2_ws/build/my_pkg/install.log --single-version-externally-managed install_data
[2.269s] running egg_info
[2.270s] creating ../../build/my_pkg/my_pkg.egg-info
[2.282s] writing ../../build/my_pkg/my_pkg.egg-info/PKG-INFO
[2.310s] writing dependency_links to ../../build/my_pkg/my_pkg.egg-info/dependency_links.txt
[2.313s] writing entry points to ../../build/my_pkg/my_pkg.egg-info/entry_points.txt
[2.315s] writing requirements to ../../build/my_pkg/my_pkg.egg-info/requires.txt
[2.319s] writing top-level names to ../../build/my_pkg/my_pkg.egg-info/top_level.txt
[2.324s] writing manifest file '../../build/my_pkg/my_pkg.egg-info/SOURCES.txt'
[2.349s] reading manifest file '../../build/my_pkg/my_pkg.egg-info/SOURCES.txt'
[2.383s] writing manifest file '../../build/my_pkg/my_pkg.egg-info/SOURCES.txt'
[2.386s] running build
[2.388s] running build_py
[2.401s] creating /mnt/c/job/repos/SLAM/ros2/ros2_ws/build/my_pkg/build
[2.403s] creating /mnt/c/job/repos/SLAM/ros2/ros2_ws/build/my_pkg/build/lib
[2.404s] creating /mnt/c/job/repos/SLAM/ros2/ros2_ws/build/my_pkg/build/lib/my_pkg
[2.408s] copying my_pkg/my_node.py -> /mnt/c/job/repos/SLAM/ros2/ros2_ws/build/my_pkg/build/lib/my_pkg
[2.418s] copying my_pkg/__init__.py -> /mnt/c/job/repos/SLAM/ros2/ros2_ws/build/my_pkg/build/lib/my_pkg
[2.426s] running install
[2.427s] running install_lib
[2.435s] creating /mnt/c/job/repos/SLAM/ros2/ros2_ws/install/my_pkg/lib/python3.10/site-packages/my_pkg
[2.443s] copying /mnt/c/job/repos/SLAM/ros2/ros2_ws/build/my_pkg/build/lib/my_pkg/my_node.py -> /mnt/c/job/repos/SLAM/ros2/ros2_ws/install/my_pkg/lib/python3.10/site-packages/my_pkg
[2.458s] copying /mnt/c/job/repos/SLAM/ros2/ros2_ws/build/my_pkg/build/lib/my_pkg/__init__.py -> /mnt/c/job/repos/SLAM/ros2/ros2_ws/install/my_pkg/lib/python3.10/site-packages/my_pkg
[2.472s] byte-compiling /mnt/c/job/repos/SLAM/ros2/ros2_ws/install/my_pkg/lib/python3.10/site-packages/my_pkg/my_node.py to my_node.cpython-310.pyc
[2.507s] byte-compiling /mnt/c/job/repos/SLAM/ros2/ros2_ws/install/my_pkg/lib/python3.10/site-packages/my_pkg/__init__.py to __init__.cpython-310.pyc
[2.528s] running install_data
[2.531s] creating /mnt/c/job/repos/SLAM/ros2/ros2_ws/install/my_pkg/share/ament_index
[2.532s] creating /mnt/c/job/repos/SLAM/ros2/ros2_ws/install/my_pkg/share/ament_index/resource_index
[2.533s] creating /mnt/c/job/repos/SLAM/ros2/ros2_ws/install/my_pkg/share/ament_index/resource_index/packages
[2.540s] copying resource/my_pkg -> /mnt/c/job/repos/SLAM/ros2/ros2_ws/install/my_pkg/share/ament_index/resource_index/packages
[2.549s] copying package.xml -> /mnt/c/job/repos/SLAM/ros2/ros2_ws/install/my_pkg/share/my_pkg
[2.555s] running install_egg_info
[2.564s] Copying ../../build/my_pkg/my_pkg.egg-info to /mnt/c/job/repos/SLAM/ros2/ros2_ws/install/my_pkg/lib/python3.10/site-packages/my_pkg-0.0.0-py3.10.egg-info
[2.696s] running install_scripts
[2.744s] Installing my_node script to /mnt/c/job/repos/SLAM/ros2/ros2_ws/install/my_pkg/lib/my_pkg
[2.752s] writing list of installed files to '/mnt/c/job/repos/SLAM/ros2/ros2_ws/build/my_pkg/install.log'
[2.772s] Invoked command in '/mnt/c/job/repos/SLAM/ros2/ros2_ws/src/my_pkg' returned '0': PYTHONPATH=/mnt/c/job/repos/SLAM/ros2/ros2_ws/build/my_pkg/prefix_override:/usr/lib/python3/dist-packages/colcon_core/task/python/colcon_distutils_commands:/mnt/c/job/repos/SLAM/ros2/ros2_ws/install/my_pkg/lib/python3.10/site-packages:${PYTHONPATH} /usr/bin/python3 -W ignore:setup.py install is deprecated -W ignore:easy_install command is deprecated setup.py egg_info --egg-base ../../build/my_pkg build --build-base /mnt/c/job/repos/SLAM/ros2/ros2_ws/build/my_pkg/build install --record /mnt/c/job/repos/SLAM/ros2/ros2_ws/build/my_pkg/install.log --single-version-externally-managed install_data
