running develop
running egg_info
creating my_py_pkg.egg-info
writing my_py_pkg.egg-info/PKG-INFO
writing dependency_links to my_py_pkg.egg-info/dependency_links.txt
writing entry points to my_py_pkg.egg-info/entry_points.txt
writing requirements to my_py_pkg.egg-info/requires.txt
writing top-level names to my_py_pkg.egg-info/top_level.txt
writing manifest file 'my_py_pkg.egg-info/SOURCES.txt'
reading manifest file 'my_py_pkg.egg-info/SOURCES.txt'
writing manifest file 'my_py_pkg.egg-info/SOURCES.txt'
running build_ext
Creating /mnt/c/job/repos/SLAM/ros2/ros2_ws/install/my_py_pkg/lib/python3.10/site-packages/my-py-pkg.egg-link (link to .)

Installed /mnt/c/job/repos/SLAM/ros2/ros2_ws/build/my_py_pkg
running symlink_data
creating /mnt/c/job/repos/SLAM/ros2/ros2_ws/install/my_py_pkg/share/ament_index
creating /mnt/c/job/repos/SLAM/ros2/ros2_ws/install/my_py_pkg/share/ament_index/resource_index
creating /mnt/c/job/repos/SLAM/ros2/ros2_ws/install/my_py_pkg/share/ament_index/resource_index/packages
symbolically linking /mnt/c/job/repos/SLAM/ros2/ros2_ws/build/my_py_pkg/resource/my_py_pkg -> /mnt/c/job/repos/SLAM/ros2/ros2_ws/install/my_py_pkg/share/ament_index/resource_index/packages
symbolically linking /mnt/c/job/repos/SLAM/ros2/ros2_ws/build/my_py_pkg/package.xml -> /mnt/c/job/repos/SLAM/ros2/ros2_ws/install/my_py_pkg/share/my_py_pkg
