[1.080s] Invoking command in '/mnt/c/job/repos/SLAM/ros2/ros2_ws/build/my_py_pkg': PYTHONPATH=/mnt/c/job/repos/SLAM/ros2/ros2_ws/build/my_py_pkg/prefix_override:/usr/lib/python3/dist-packages/colcon_core/task/python/colcon_distutils_commands:/mnt/c/job/repos/SLAM/ros2/ros2_ws/install/my_py_pkg/lib/python3.10/site-packages:${PYTHONPATH} /usr/bin/python3 -W ignore:setup.py install is deprecated -W ignore:easy_install command is deprecated setup.py develop --editable --build-directory /mnt/c/job/repos/SLAM/ros2/ros2_ws/build/my_py_pkg/build --no-deps symlink_data
[1.519s] running develop
[1.685s] running egg_info
[1.688s] creating my_py_pkg.egg-info
[1.692s] writing my_py_pkg.egg-info/PKG-INFO
[1.705s] writing dependency_links to my_py_pkg.egg-info/dependency_links.txt
[1.708s] writing entry points to my_py_pkg.egg-info/entry_points.txt
[1.710s] writing requirements to my_py_pkg.egg-info/requires.txt
[1.711s] writing top-level names to my_py_pkg.egg-info/top_level.txt
[1.713s] writing manifest file 'my_py_pkg.egg-info/SOURCES.txt'
[1.737s] reading manifest file 'my_py_pkg.egg-info/SOURCES.txt'
[1.756s] writing manifest file 'my_py_pkg.egg-info/SOURCES.txt'
[1.761s] running build_ext
[1.763s] Creating /mnt/c/job/repos/SLAM/ros2/ros2_ws/install/my_py_pkg/lib/python3.10/site-packages/my-py-pkg.egg-link (link to .)
[1.799s] 
[1.800s] Installed /mnt/c/job/repos/SLAM/ros2/ros2_ws/build/my_py_pkg
[1.801s] running symlink_data
[1.804s] creating /mnt/c/job/repos/SLAM/ros2/ros2_ws/install/my_py_pkg/share/ament_index
[1.805s] creating /mnt/c/job/repos/SLAM/ros2/ros2_ws/install/my_py_pkg/share/ament_index/resource_index
[1.806s] creating /mnt/c/job/repos/SLAM/ros2/ros2_ws/install/my_py_pkg/share/ament_index/resource_index/packages
[1.812s] symbolically linking /mnt/c/job/repos/SLAM/ros2/ros2_ws/build/my_py_pkg/resource/my_py_pkg -> /mnt/c/job/repos/SLAM/ros2/ros2_ws/install/my_py_pkg/share/ament_index/resource_index/packages
[1.823s] symbolically linking /mnt/c/job/repos/SLAM/ros2/ros2_ws/build/my_py_pkg/package.xml -> /mnt/c/job/repos/SLAM/ros2/ros2_ws/install/my_py_pkg/share/my_py_pkg
[1.840s] Invoked command in '/mnt/c/job/repos/SLAM/ros2/ros2_ws/build/my_py_pkg' returned '0': PYTHONPATH=/mnt/c/job/repos/SLAM/ros2/ros2_ws/build/my_py_pkg/prefix_override:/usr/lib/python3/dist-packages/colcon_core/task/python/colcon_distutils_commands:/mnt/c/job/repos/SLAM/ros2/ros2_ws/install/my_py_pkg/lib/python3.10/site-packages:${PYTHONPATH} /usr/bin/python3 -W ignore:setup.py install is deprecated -W ignore:easy_install command is deprecated setup.py develop --editable --build-directory /mnt/c/job/repos/SLAM/ros2/ros2_ws/build/my_py_pkg/build --no-deps symlink_data
