running egg_info
creating ../../build/pub_sub/pub_sub.egg-info
writing ../../build/pub_sub/pub_sub.egg-info/PKG-INFO
writing dependency_links to ../../build/pub_sub/pub_sub.egg-info/dependency_links.txt
writing entry points to ../../build/pub_sub/pub_sub.egg-info/entry_points.txt
writing requirements to ../../build/pub_sub/pub_sub.egg-info/requires.txt
writing top-level names to ../../build/pub_sub/pub_sub.egg-info/top_level.txt
writing manifest file '../../build/pub_sub/pub_sub.egg-info/SOURCES.txt'
reading manifest file '../../build/pub_sub/pub_sub.egg-info/SOURCES.txt'
writing manifest file '../../build/pub_sub/pub_sub.egg-info/SOURCES.txt'
running build
running build_py
creating /mnt/c/job/repos/SLAM/ros2/ros2_ws/build/pub_sub/build
creating /mnt/c/job/repos/SLAM/ros2/ros2_ws/build/pub_sub/build/lib
creating /mnt/c/job/repos/SLAM/ros2/ros2_ws/build/pub_sub/build/lib/pub_sub
copying pub_sub/publisher.py -> /mnt/c/job/repos/SLAM/ros2/ros2_ws/build/pub_sub/build/lib/pub_sub
copying pub_sub/subscriber.py -> /mnt/c/job/repos/SLAM/ros2/ros2_ws/build/pub_sub/build/lib/pub_sub
copying pub_sub/__init__.py -> /mnt/c/job/repos/SLAM/ros2/ros2_ws/build/pub_sub/build/lib/pub_sub
running install
running install_lib
creating /mnt/c/job/repos/SLAM/ros2/ros2_ws/install/pub_sub/lib/python3.10/site-packages/pub_sub
copying /mnt/c/job/repos/SLAM/ros2/ros2_ws/build/pub_sub/build/lib/pub_sub/publisher.py -> /mnt/c/job/repos/SLAM/ros2/ros2_ws/install/pub_sub/lib/python3.10/site-packages/pub_sub
copying /mnt/c/job/repos/SLAM/ros2/ros2_ws/build/pub_sub/build/lib/pub_sub/subscriber.py -> /mnt/c/job/repos/SLAM/ros2/ros2_ws/install/pub_sub/lib/python3.10/site-packages/pub_sub
copying /mnt/c/job/repos/SLAM/ros2/ros2_ws/build/pub_sub/build/lib/pub_sub/__init__.py -> /mnt/c/job/repos/SLAM/ros2/ros2_ws/install/pub_sub/lib/python3.10/site-packages/pub_sub
byte-compiling /mnt/c/job/repos/SLAM/ros2/ros2_ws/install/pub_sub/lib/python3.10/site-packages/pub_sub/publisher.py to publisher.cpython-310.pyc
byte-compiling /mnt/c/job/repos/SLAM/ros2/ros2_ws/install/pub_sub/lib/python3.10/site-packages/pub_sub/subscriber.py to subscriber.cpython-310.pyc
byte-compiling /mnt/c/job/repos/SLAM/ros2/ros2_ws/install/pub_sub/lib/python3.10/site-packages/pub_sub/__init__.py to __init__.cpython-310.pyc
running install_data
creating /mnt/c/job/repos/SLAM/ros2/ros2_ws/install/pub_sub/share/ament_index
creating /mnt/c/job/repos/SLAM/ros2/ros2_ws/install/pub_sub/share/ament_index/resource_index
creating /mnt/c/job/repos/SLAM/ros2/ros2_ws/install/pub_sub/share/ament_index/resource_index/packages
copying resource/pub_sub -> /mnt/c/job/repos/SLAM/ros2/ros2_ws/install/pub_sub/share/ament_index/resource_index/packages
copying package.xml -> /mnt/c/job/repos/SLAM/ros2/ros2_ws/install/pub_sub/share/pub_sub
running install_egg_info
Copying ../../build/pub_sub/pub_sub.egg-info to /mnt/c/job/repos/SLAM/ros2/ros2_ws/install/pub_sub/lib/python3.10/site-packages/pub_sub-0.0.0-py3.10.egg-info
running install_scripts
Installing minimal_publisher script to /mnt/c/job/repos/SLAM/ros2/ros2_ws/install/pub_sub/lib/pub_sub
Installing minimal_subscriber script to /mnt/c/job/repos/SLAM/ros2/ros2_ws/install/pub_sub/lib/pub_sub
writing list of installed files to '/mnt/c/job/repos/SLAM/ros2/ros2_ws/build/pub_sub/install.log'
