[1.605s] Invoking command in '/mnt/c/job/repos/SLAM/ros2/ros2_ws/src/pub_sub': PYTHONPATH=/mnt/c/job/repos/SLAM/ros2/ros2_ws/build/pub_sub/prefix_override:/usr/lib/python3/dist-packages/colcon_core/task/python/colcon_distutils_commands:/mnt/c/job/repos/SLAM/ros2/ros2_ws/install/pub_sub/lib/python3.10/site-packages:${PYTHONPATH} /usr/bin/python3 -W ignore:setup.py install is deprecated -W ignore:easy_install command is deprecated setup.py egg_info --egg-base ../../build/pub_sub build --build-base /mnt/c/job/repos/SLAM/ros2/ros2_ws/build/pub_sub/build install --record /mnt/c/job/repos/SLAM/ros2/ros2_ws/build/pub_sub/install.log --single-version-externally-managed install_data
[2.298s] running egg_info
[2.302s] creating ../../build/pub_sub/pub_sub.egg-info
[2.308s] writing ../../build/pub_sub/pub_sub.egg-info/PKG-INFO
[2.329s] writing dependency_links to ../../build/pub_sub/pub_sub.egg-info/dependency_links.txt
[2.333s] writing entry points to ../../build/pub_sub/pub_sub.egg-info/entry_points.txt
[2.336s] writing requirements to ../../build/pub_sub/pub_sub.egg-info/requires.txt
[2.345s] writing top-level names to ../../build/pub_sub/pub_sub.egg-info/top_level.txt
[2.354s] writing manifest file '../../build/pub_sub/pub_sub.egg-info/SOURCES.txt'
[2.381s] reading manifest file '../../build/pub_sub/pub_sub.egg-info/SOURCES.txt'
[2.407s] writing manifest file '../../build/pub_sub/pub_sub.egg-info/SOURCES.txt'
[2.408s] running build
[2.408s] running build_py
[2.411s] creating /mnt/c/job/repos/SLAM/ros2/ros2_ws/build/pub_sub/build
[2.412s] creating /mnt/c/job/repos/SLAM/ros2/ros2_ws/build/pub_sub/build/lib
[2.413s] creating /mnt/c/job/repos/SLAM/ros2/ros2_ws/build/pub_sub/build/lib/pub_sub
[2.418s] copying pub_sub/publisher.py -> /mnt/c/job/repos/SLAM/ros2/ros2_ws/build/pub_sub/build/lib/pub_sub
[2.432s] copying pub_sub/subscriber.py -> /mnt/c/job/repos/SLAM/ros2/ros2_ws/build/pub_sub/build/lib/pub_sub
[2.455s] copying pub_sub/__init__.py -> /mnt/c/job/repos/SLAM/ros2/ros2_ws/build/pub_sub/build/lib/pub_sub
[2.462s] running install
[2.462s] running install_lib
[2.472s] creating /mnt/c/job/repos/SLAM/ros2/ros2_ws/install/pub_sub/lib/python3.10/site-packages/pub_sub
[2.483s] copying /mnt/c/job/repos/SLAM/ros2/ros2_ws/build/pub_sub/build/lib/pub_sub/publisher.py -> /mnt/c/job/repos/SLAM/ros2/ros2_ws/install/pub_sub/lib/python3.10/site-packages/pub_sub
[2.498s] copying /mnt/c/job/repos/SLAM/ros2/ros2_ws/build/pub_sub/build/lib/pub_sub/subscriber.py -> /mnt/c/job/repos/SLAM/ros2/ros2_ws/install/pub_sub/lib/python3.10/site-packages/pub_sub
[2.513s] copying /mnt/c/job/repos/SLAM/ros2/ros2_ws/build/pub_sub/build/lib/pub_sub/__init__.py -> /mnt/c/job/repos/SLAM/ros2/ros2_ws/install/pub_sub/lib/python3.10/site-packages/pub_sub
[2.529s] byte-compiling /mnt/c/job/repos/SLAM/ros2/ros2_ws/install/pub_sub/lib/python3.10/site-packages/pub_sub/publisher.py to publisher.cpython-310.pyc
[2.550s] byte-compiling /mnt/c/job/repos/SLAM/ros2/ros2_ws/install/pub_sub/lib/python3.10/site-packages/pub_sub/subscriber.py to subscriber.cpython-310.pyc
[2.566s] byte-compiling /mnt/c/job/repos/SLAM/ros2/ros2_ws/install/pub_sub/lib/python3.10/site-packages/pub_sub/__init__.py to __init__.cpython-310.pyc
[2.580s] running install_data
[2.583s] creating /mnt/c/job/repos/SLAM/ros2/ros2_ws/install/pub_sub/share/ament_index
[2.584s] creating /mnt/c/job/repos/SLAM/ros2/ros2_ws/install/pub_sub/share/ament_index/resource_index
[2.585s] creating /mnt/c/job/repos/SLAM/ros2/ros2_ws/install/pub_sub/share/ament_index/resource_index/packages
[2.590s] copying resource/pub_sub -> /mnt/c/job/repos/SLAM/ros2/ros2_ws/install/pub_sub/share/ament_index/resource_index/packages
[2.599s] copying package.xml -> /mnt/c/job/repos/SLAM/ros2/ros2_ws/install/pub_sub/share/pub_sub
[2.605s] running install_egg_info
[2.615s] Copying ../../build/pub_sub/pub_sub.egg-info to /mnt/c/job/repos/SLAM/ros2/ros2_ws/install/pub_sub/lib/python3.10/site-packages/pub_sub-0.0.0-py3.10.egg-info
[2.727s] running install_scripts
[2.810s] Installing minimal_publisher script to /mnt/c/job/repos/SLAM/ros2/ros2_ws/install/pub_sub/lib/pub_sub
[2.819s] Installing minimal_subscriber script to /mnt/c/job/repos/SLAM/ros2/ros2_ws/install/pub_sub/lib/pub_sub
[2.829s] writing list of installed files to '/mnt/c/job/repos/SLAM/ros2/ros2_ws/build/pub_sub/install.log'
[2.846s] Invoked command in '/mnt/c/job/repos/SLAM/ros2/ros2_ws/src/pub_sub' returned '0': PYTHONPATH=/mnt/c/job/repos/SLAM/ros2/ros2_ws/build/pub_sub/prefix_override:/usr/lib/python3/dist-packages/colcon_core/task/python/colcon_distutils_commands:/mnt/c/job/repos/SLAM/ros2/ros2_ws/install/pub_sub/lib/python3.10/site-packages:${PYTHONPATH} /usr/bin/python3 -W ignore:setup.py install is deprecated -W ignore:easy_install command is deprecated setup.py egg_info --egg-base ../../build/pub_sub build --build-base /mnt/c/job/repos/SLAM/ros2/ros2_ws/build/pub_sub/build install --record /mnt/c/job/repos/SLAM/ros2/ros2_ws/build/pub_sub/install.log --single-version-externally-managed install_data
